[2012-09-18 10-02-12] Nette\DI\MissingServiceException: Service 'connection' not found. in /data/web/virtuals/24950/virtual/www/subdom/forex/libs/Nette/DI/Container.php:159  @  http://forex.volnanabidka.cz/prace  @@  exception-2012-09-18-10-02-12-dbabf951bfd51a2f92f04f4e0a6687b2.html
[2012-09-18 11-22-40] Nette\DI\MissingServiceException: Service 'connection' not found. in /data/web/virtuals/24950/virtual/www/subdom/forex/libs/Nette/DI/Container.php:159  @  http://forex.volnanabidka.cz/  @@  exception-2012-09-18-10-02-12-dbabf951bfd51a2f92f04f4e0a6687b2.html
[2012-09-18 11-22-42] Nette\DI\MissingServiceException: Service 'connection' not found. in /data/web/virtuals/24950/virtual/www/subdom/forex/libs/Nette/DI/Container.php:159  @  http://forex.volnanabidka.cz/  @@  exception-2012-09-18-10-02-12-dbabf951bfd51a2f92f04f4e0a6687b2.html
[2012-09-18 11-24-08] Nette\DI\MissingServiceException: Service 'connection' not found. in /data/web/virtuals/24950/virtual/www/subdom/forex/libs/Nette/DI/Container.php:159  @  http://forex.volnanabidka.cz/  @@  exception-2012-09-18-10-02-12-dbabf951bfd51a2f92f04f4e0a6687b2.html
[2012-09-18 11-24-09] Nette\DI\MissingServiceException: Service 'connection' not found. in /data/web/virtuals/24950/virtual/www/subdom/forex/libs/Nette/DI/Container.php:159  @  http://forex.volnanabidka.cz/  @@  exception-2012-09-18-10-02-12-dbabf951bfd51a2f92f04f4e0a6687b2.html
[2012-09-18 11-24-09] Nette\DI\MissingServiceException: Service 'connection' not found. in /data/web/virtuals/24950/virtual/www/subdom/forex/libs/Nette/DI/Container.php:159  @  http://forex.volnanabidka.cz/  @@  exception-2012-09-18-10-02-12-dbabf951bfd51a2f92f04f4e0a6687b2.html
[2012-09-18 17-01-01] PDOException: SQLSTATE[28000] [1045] Access denied for user 'w27731_db'@'10.28.8.24' (using password: YES) in /data/web/virtuals/24950/virtual/www/subdom/forex/libs/Nette/Database/Connection.php:53  @  http://forex.volnanabidka.cz/  @@  exception-2012-09-18-17-01-01-f63aae2c22ac3abf6306b61f8cdf02bc.html
[2012-09-18 17-01-59] PDOException: SQLSTATE[28000] [1045] Access denied for user 'w27731_db'@'10.28.8.24' (using password: YES) in /data/web/virtuals/24950/virtual/www/subdom/forex/libs/Nette/Database/Connection.php:53  @  http://forex.volnanabidka.cz/  @@  exception-2012-09-18-17-01-01-f63aae2c22ac3abf6306b61f8cdf02bc.html
[2012-09-20 15-30-25] PDOException: SQLSTATE[28000] [1045] Access denied for user 'w27731_db'@'10.28.8.24' (using password: YES) in /data/web/virtuals/24950/virtual/www/subdom/forex/libs/Nette/Database/Connection.php:53  @  http://forex.volnanabidka.cz/  @@  exception-2012-09-18-17-01-01-f63aae2c22ac3abf6306b61f8cdf02bc.html
[2012-09-20 15-30-30] PDOException: SQLSTATE[28000] [1045] Access denied for user 'w27731_db'@'10.28.8.24' (using password: YES) in /data/web/virtuals/24950/virtual/www/subdom/forex/libs/Nette/Database/Connection.php:53  @  http://forex.volnanabidka.cz/  @@  exception-2012-09-18-17-01-01-f63aae2c22ac3abf6306b61f8cdf02bc.html
[2013-02-25 17-16-14] Fatal error: syntax error, unexpected T_PUBLIC, expecting ';' or '{' in /data/web/virtuals/24950/virtual/www/subdom/forex/app/presenters/ProjectPresenter.php:113  @  http://forex.volnanabidka.cz/projekt/127-mam-200-mega-a-nevim-do-ceho-investovat.html?do=login-submit  @@  exception-2013-02-25-17-16-14-048876d27515d24cb199a11ecb48e2c9.html
[2013-02-25 17-16-28] Fatal error: syntax error, unexpected T_PUBLIC, expecting ';' or '{' in /data/web/virtuals/24950/virtual/www/subdom/forex/app/presenters/ProjectPresenter.php:113  @  http://forex.volnanabidka.cz/projekty.html  @@  exception-2013-02-25-17-16-14-048876d27515d24cb199a11ecb48e2c9.html
[2013-02-25 17-16-52] Fatal error: syntax error, unexpected T_PUBLIC, expecting ';' or '{' in /data/web/virtuals/24950/virtual/www/subdom/forex/app/presenters/ProjectPresenter.php:113  @  http://forex.volnanabidka.cz/projekty.html  @@  exception-2013-02-25-17-16-14-048876d27515d24cb199a11ecb48e2c9.html
[2013-02-25 17-17-00] Nette\DI\MissingServiceException: Service 'referenceMapper' not found. in /data/web/virtuals/24950/virtual/www/subdom/forex/libs/Nette/DI/Container.php:161  @  http://forex.volnanabidka.cz/uzivatel/30-ufo-martin-svoboda  @@  exception-2013-02-25-17-17-00-fa6f08da157cf7c8d8a1f552cce344fa.html
[2013-02-26 13-47-58] Nette\DI\MissingServiceException: Service 'notificationMapper' not found. in /data/web/virtuals/24950/virtual/www/subdom/forex/libs/Nette/DI/Container.php:161  @  http://forex.volnanabidka.cz/nastaveni.html  @@  exception-2013-02-26-13-47-58-75488eecdae9863c9b0a750e6a7d328a.html
[2013-02-26 13-48-01] Nette\DI\MissingServiceException: Service 'notificationMapper' not found. in /data/web/virtuals/24950/virtual/www/subdom/forex/libs/Nette/DI/Container.php:161  @  http://forex.volnanabidka.cz/  @@  exception-2013-02-26-13-48-01-f538b032e8dd5c43f451161a24f0e321.html
[2013-02-26 13-48-08] Nette\DI\MissingServiceException: Service 'notificationMapper' not found. in /data/web/virtuals/24950/virtual/www/subdom/forex/libs/Nette/DI/Container.php:161  @  http://forex.volnanabidka.cz/  @@  exception-2013-02-26-13-48-01-f538b032e8dd5c43f451161a24f0e321.html
[2013-02-26 13-48-09] Nette\DI\MissingServiceException: Service 'notificationMapper' not found. in /data/web/virtuals/24950/virtual/www/subdom/forex/libs/Nette/DI/Container.php:161  @  http://forex.volnanabidka.cz/  @@  exception-2013-02-26-13-48-01-f538b032e8dd5c43f451161a24f0e321.html
[2013-02-26 13-48-28] Nette\DI\MissingServiceException: Service 'notificationMapper' not found. in /data/web/virtuals/24950/virtual/www/subdom/forex/libs/Nette/DI/Container.php:161  @  http://forex.volnanabidka.cz/  @@  exception-2013-02-26-13-48-01-f538b032e8dd5c43f451161a24f0e321.html
[2013-02-26 13-48-29] Nette\DI\MissingServiceException: Service 'notificationMapper' not found. in /data/web/virtuals/24950/virtual/www/subdom/forex/libs/Nette/DI/Container.php:161  @  http://forex.volnanabidka.cz/  @@  exception-2013-02-26-13-48-01-f538b032e8dd5c43f451161a24f0e321.html
[2013-02-26 13-48-30] Nette\DI\MissingServiceException: Service 'notificationMapper' not found. in /data/web/virtuals/24950/virtual/www/subdom/forex/libs/Nette/DI/Container.php:161  @  http://forex.volnanabidka.cz/  @@  exception-2013-02-26-13-48-01-f538b032e8dd5c43f451161a24f0e321.html
[2013-02-26 13-48-30] Nette\DI\MissingServiceException: Service 'notificationMapper' not found. in /data/web/virtuals/24950/virtual/www/subdom/forex/libs/Nette/DI/Container.php:161  @  http://forex.volnanabidka.cz/  @@  exception-2013-02-26-13-48-01-f538b032e8dd5c43f451161a24f0e321.html
[2013-02-26 13-48-30] Nette\DI\MissingServiceException: Service 'notificationMapper' not found. in /data/web/virtuals/24950/virtual/www/subdom/forex/libs/Nette/DI/Container.php:161  @  http://forex.volnanabidka.cz/  @@  exception-2013-02-26-13-48-01-f538b032e8dd5c43f451161a24f0e321.html
[2013-02-26 13-48-31] Nette\DI\MissingServiceException: Service 'notificationMapper' not found. in /data/web/virtuals/24950/virtual/www/subdom/forex/libs/Nette/DI/Container.php:161  @  http://forex.volnanabidka.cz/  @@  exception-2013-02-26-13-48-01-f538b032e8dd5c43f451161a24f0e321.html
[2013-02-26 13-48-37] Nette\DI\MissingServiceException: Service 'notificationMapper' not found. in /data/web/virtuals/24950/virtual/www/subdom/forex/libs/Nette/DI/Container.php:161  @  http://forex.volnanabidka.cz/  @@  exception-2013-02-26-13-48-01-f538b032e8dd5c43f451161a24f0e321.html
[2013-02-26 13-48-37] Nette\DI\MissingServiceException: Service 'notificationMapper' not found. in /data/web/virtuals/24950/virtual/www/subdom/forex/libs/Nette/DI/Container.php:161  @  http://forex.volnanabidka.cz/  @@  exception-2013-02-26-13-48-01-f538b032e8dd5c43f451161a24f0e321.html
[2013-02-26 13-48-37] Nette\DI\MissingServiceException: Service 'notificationMapper' not found. in /data/web/virtuals/24950/virtual/www/subdom/forex/libs/Nette/DI/Container.php:161  @  http://forex.volnanabidka.cz/  @@  exception-2013-02-26-13-48-01-f538b032e8dd5c43f451161a24f0e321.html
[2013-02-26 13-49-01] Nette\DI\MissingServiceException: Service 'notificationMapper' not found. in /data/web/virtuals/24950/virtual/www/subdom/forex/libs/Nette/DI/Container.php:161  @  http://forex.volnanabidka.cz/domu.html  @@  exception-2013-02-26-13-48-01-f538b032e8dd5c43f451161a24f0e321.html
[2013-02-26 13-49-06] Nette\DI\MissingServiceException: Service 'notificationMapper' not found. in /data/web/virtuals/24950/virtual/www/subdom/forex/libs/Nette/DI/Container.php:161  @  http://forex.volnanabidka.cz/domu.html  @@  exception-2013-02-26-13-48-01-f538b032e8dd5c43f451161a24f0e321.html
[2013-02-26 13-49-57] Nette\DI\MissingServiceException: Service 'notificationMapper' not found. in /data/web/virtuals/24950/virtual/www/subdom/forex/libs/Nette/DI/Container.php:161  @  http://forex.volnanabidka.cz/domu.html  @@  exception-2013-02-26-13-48-01-f538b032e8dd5c43f451161a24f0e321.html
[2013-02-26 13-49-58] Nette\DI\MissingServiceException: Service 'notificationMapper' not found. in /data/web/virtuals/24950/virtual/www/subdom/forex/libs/Nette/DI/Container.php:161  @  http://forex.volnanabidka.cz/domu.html  @@  exception-2013-02-26-13-48-01-f538b032e8dd5c43f451161a24f0e321.html
[2013-02-26 13-49-58] Nette\DI\MissingServiceException: Service 'notificationMapper' not found. in /data/web/virtuals/24950/virtual/www/subdom/forex/libs/Nette/DI/Container.php:161  @  http://forex.volnanabidka.cz/domu.html  @@  exception-2013-02-26-13-48-01-f538b032e8dd5c43f451161a24f0e321.html
[2013-02-26 13-49-59] Nette\DI\MissingServiceException: Service 'notificationMapper' not found. in /data/web/virtuals/24950/virtual/www/subdom/forex/libs/Nette/DI/Container.php:161  @  http://forex.volnanabidka.cz/domu.html  @@  exception-2013-02-26-13-48-01-f538b032e8dd5c43f451161a24f0e321.html
[2013-02-26 13-49-59] Nette\DI\MissingServiceException: Service 'notificationMapper' not found. in /data/web/virtuals/24950/virtual/www/subdom/forex/libs/Nette/DI/Container.php:161  @  http://forex.volnanabidka.cz/domu.html  @@  exception-2013-02-26-13-48-01-f538b032e8dd5c43f451161a24f0e321.html
[2013-02-26 13-49-59] Nette\DI\MissingServiceException: Service 'notificationMapper' not found. in /data/web/virtuals/24950/virtual/www/subdom/forex/libs/Nette/DI/Container.php:161  @  http://forex.volnanabidka.cz/domu.html  @@  exception-2013-02-26-13-48-01-f538b032e8dd5c43f451161a24f0e321.html
[2013-02-26 13-49-59] Nette\DI\MissingServiceException: Service 'notificationMapper' not found. in /data/web/virtuals/24950/virtual/www/subdom/forex/libs/Nette/DI/Container.php:161  @  http://forex.volnanabidka.cz/domu.html  @@  exception-2013-02-26-13-48-01-f538b032e8dd5c43f451161a24f0e321.html
[2013-02-26 13-50-00] Nette\DI\MissingServiceException: Service 'notificationMapper' not found. in /data/web/virtuals/24950/virtual/www/subdom/forex/libs/Nette/DI/Container.php:161  @  http://forex.volnanabidka.cz/domu.html  @@  exception-2013-02-26-13-48-01-f538b032e8dd5c43f451161a24f0e321.html
[2013-02-26 13-50-17] Nette\DI\MissingServiceException: Service 'notificationMapper' not found. in /data/web/virtuals/24950/virtual/www/subdom/forex/libs/Nette/DI/Container.php:161  @  http://forex.volnanabidka.cz/sign/register.html  @@  exception-2013-02-26-13-48-01-f538b032e8dd5c43f451161a24f0e321.html
